0 info it worked if it ends with ok
1 verbose cli [ 'C:\\Program Files\\nodejs\\node.exe',
1 verbose cli   'C:\\Program Files\\nodejs\\node_modules\\npm\\bin\\npm-cli.js',
1 verbose cli   'start' ]
2 info using npm@3.10.3
3 info using node@v6.7.0
4 verbose run-script [ 'prestart', 'start', 'poststart' ]
5 info lifecycle serialarduino@0.0.1~prestart: serialarduino@0.0.1
6 silly lifecycle serialarduino@0.0.1~prestart: no script for prestart, continuing
7 info lifecycle serialarduino@0.0.1~start: serialarduino@0.0.1
8 verbose lifecycle serialarduino@0.0.1~start: unsafe-perm in lifecycle true
9 verbose lifecycle serialarduino@0.0.1~start: PATH: C:\Program Files\nodejs\node_modules\npm\bin\node-gyp-bin;C:\Users\Quentin\Documents\GitHub\NodeTest\node_modules\.bin;C:\Program Files\nodejs;C:\Program Files\Git\mingw64\bin;C:\Program Files\Git\usr\bin;C:\Users\Quentin\bin;C:\Program Files\Common Files\Microsoft Shared\Windows Live;C:\Program Files (x86)\Intel\iCLS Client;C:\Program Files\Intel\iCLS Client;C:\Windows\system32;C:\Windows;C:\Windows\System32\Wbem;C:\Windows\System32\WindowsPowerShell\v1.0;C:\Program Files (x86)\Intel\OpenCL SDK\2.0\bin\x86;C:\Program Files (x86)\Intel\OpenCL SDK\2.0\bin\x64;C:\Program Files (x86)\ATI Technologies\ATI.ACE\Core-Static;C:\Program Files\MiKTeX 2.9\miktex\bin\x64;C:\Program Files\Intel\WiFi\bin;C:\Program Files\Common Files\Intel\WirelessCommon;C:\Program Files\Intel\Intel(R) Management Engine Components\DAL;C:\Program Files\Intel\Intel(R) Management Engine Components\IPT;C:\Program Files (x86)\Intel\Intel(R) Management Engine Components\DAL;C:\Program Files (x86)\Intel\Intel(R) Management Engine Components\IPT;C:\Program Files (x86)\QuickTime\QTSystem;C:\Program Files (x86)\Common Files\Roxio Shared\DLLShared;C:\WINDOWS\system32;C:\WINDOWS;C:\WINDOWS\System32\Wbem;C:\WINDOWS\System32\WindowsPowerShell\v1.0;C:\Program Files (x86)\Skype\Phone;C:\Program Files\Git\cmd;C:\Program Files\MATLAB\R2014a\runtime\win64;C:\Program Files\MATLAB\R2014a\bin;C:\Program Files\MATLAB\R2014a\polyspace\bin;C:\Program Files\nodejs;C:\Program Files (x86)\Windows Kits\8.1\Windows Performance Toolkit;C:\Program Files\Common Files\Microsoft Shared\Windows Live;C:\Program Files\Docker Toolbox;C:\Users\Quentin\AppData\Local\Microsoft\WindowsApps;C:\Users\Quentin\AppData\Roaming\npm
10 verbose lifecycle serialarduino@0.0.1~start: CWD: C:\Users\Quentin\Documents\GitHub\NodeTest
11 silly lifecycle serialarduino@0.0.1~start: Args: [ '/d /s /c', 'electron ./src/view' ]
12 silly lifecycle serialarduino@0.0.1~start: Returned: code: 3221226525  signal: null
13 info lifecycle serialarduino@0.0.1~start: Failed to exec start script
14 verbose stack Error: serialarduino@0.0.1 start: `electron ./src/view`
14 verbose stack Exit status 3221226525
14 verbose stack     at EventEmitter.<anonymous> (C:\Program Files\nodejs\node_modules\npm\lib\utils\lifecycle.js:242:16)
14 verbose stack     at emitTwo (events.js:106:13)
14 verbose stack     at EventEmitter.emit (events.js:191:7)
14 verbose stack     at ChildProcess.<anonymous> (C:\Program Files\nodejs\node_modules\npm\lib\utils\spawn.js:40:14)
14 verbose stack     at emitTwo (events.js:106:13)
14 verbose stack     at ChildProcess.emit (events.js:191:7)
14 verbose stack     at maybeClose (internal/child_process.js:877:16)
14 verbose stack     at Process.ChildProcess._handle.onexit (internal/child_process.js:226:5)
15 verbose pkgid serialarduino@0.0.1
16 verbose cwd C:\Users\Quentin\Documents\GitHub\NodeTest
17 error Windows_NT 10.0.14393
18 error argv "C:\\Program Files\\nodejs\\node.exe" "C:\\Program Files\\nodejs\\node_modules\\npm\\bin\\npm-cli.js" "start"
19 error node v6.7.0
20 error npm  v3.10.3
21 error code ELIFECYCLE
22 error serialarduino@0.0.1 start: `electron ./src/view`
22 error Exit status 3221226525
23 error Failed at the serialarduino@0.0.1 start script 'electron ./src/view'.
23 error Make sure you have the latest version of node.js and npm installed.
23 error If you do, this is most likely a problem with the serialarduino package,
23 error not with npm itself.
23 error Tell the author that this fails on your system:
23 error     electron ./src/view
23 error You can get information on how to open an issue for this project with:
23 error     npm bugs serialarduino
23 error Or if that isn't available, you can get their info via:
23 error     npm owner ls serialarduino
23 error There is likely additional logging output above.
24 verbose exit [ 1, true ]
