pi@raspi-2023-2:~ $ sudo apt-get install mongodb
Reading package lists... Done
Building dependency tree       
Reading state information... Done
The following additional packages will be installed:
  libboost-filesystem1.58.0 libboost-program-options1.58.0
  libboost-system1.58.0 libboost-thread1.58.0 libmongoclient-dev
  libmongoclient0 libpcap0.8 libpcrecpp0v5 libv8-3.14.5 mongodb-clients
  mongodb-dev mongodb-server
The following NEW packages will be installed:
  libboost-filesystem1.58.0 libboost-program-options1.58.0
  libboost-system1.58.0 libboost-thread1.58.0 libmongoclient-dev
  libmongoclient0 libpcap0.8 libpcrecpp0v5 libv8-3.14.5 mongodb
  mongodb-clients mongodb-dev mongodb-server
0 upgraded, 13 newly installed, 0 to remove and 0 not upgraded.
Need to get 35.1 MB of archives.
After this operation, 123 MB of additional disk space will be used.
Do you want to continue? [Y/n] Y
Get:1 http://mirror.as43289.net/raspbian/raspbian stretch/main armhf libpcrecpp0v5 armhf 2:8.39-3 [149 kB]
Get:2 http://raspbian-us.ngc292.space/raspbian stretch/main armhf libboost-system1.58.0 armhf 1.58.0+dfsg-5.1+rpi1+b1 [31.1 kB]
Get:3 http://mirrors.dotsrc.org/raspbian/raspbian stretch/main armhf libboost-filesystem1.58.0 armhf 1.58.0+dfsg-5.1+rpi1+b1 [57.4 kB]
Get:4 http://raspbian.c3sl.ufpr.br/raspbian stretch/main armhf libboost-program-options1.58.0 armhf 1.58.0+dfsg-5.1+rpi1+b1 [137 kB]
Get:5 http://mirror.ossplanet.net/raspbian/raspbian stretch/main armhf libboost-thread1.58.0 armhf 1.58.0+dfsg-5.1+rpi1+b1 [63.4 kB]
Get:6 http://ftp.halifax.rwth-aachen.de/raspbian/raspbian stretch/main armhf libpcap0.8 armhf 1.8.1-3 [123 kB]
Get:7 http://mirror.aarnet.edu.au/pub/raspbian/raspbian stretch/main armhf libv8-3.14.5 armhf 3.14.5.8-11 [1,083 kB]
Get:9 http://mirror.ossplanet.net/raspbian/raspbian stretch/main armhf mongodb-server armhf 1:2.4.14-4 [3,466 kB]
Get:8 http://ftp.halifax.rwth-aachen.de/raspbian/raspbian stretch/main armhf mongodb-clients armhf 1:2.4.14-4 [28.8 MB]
Get:10 http://raspbian.trivini.no/raspbian stretch/main armhf libmongoclient0 armhf 1.1.2-5 [438 kB]
Get:13 http://mirror.de.leaseweb.net/raspbian/raspbian stretch/main armhf mongodb armhf 1:2.4.14-4 [13.6 kB]
Get:11 http://mirror.ossplanet.net/raspbian/raspbian stretch/main armhf libmongoclient-dev armhf 1.1.2-5 [736 kB]
Get:12 http://mirror.ossplanet.net/raspbian/raspbian stretch/main armhf mongodb-dev all 2:1.1.2-5 [15.9 kB]
Fetched 35.1 MB in 1min 46s (329 kB/s)                                         
Selecting previously unselected package libpcrecpp0v5:armhf.
(Reading database ... 122776 files and directories currently installed.)
Preparing to unpack .../00-libpcrecpp0v5_2%3a8.39-3_armhf.deb ...
Unpacking libpcrecpp0v5:armhf (2:8.39-3) ...
Selecting previously unselected package libboost-system1.58.0:armhf.
Preparing to unpack .../01-libboost-system1.58.0_1.58.0+dfsg-5.1+rpi1+b1_armhf.deb ...
Unpacking libboost-system1.58.0:armhf (1.58.0+dfsg-5.1+rpi1+b1) ...
Selecting previously unselected package libboost-filesystem1.58.0:armhf.
Preparing to unpack .../02-libboost-filesystem1.58.0_1.58.0+dfsg-5.1+rpi1+b1_armhf.deb ...
Unpacking libboost-filesystem1.58.0:armhf (1.58.0+dfsg-5.1+rpi1+b1) ...
Selecting previously unselected package libboost-program-options1.58.0:armhf.
Preparing to unpack .../03-libboost-program-options1.58.0_1.58.0+dfsg-5.1+rpi1+b1_armhf.deb ...
Unpacking libboost-program-options1.58.0:armhf (1.58.0+dfsg-5.1+rpi1+b1) ...
Selecting previously unselected package libboost-thread1.58.0:armhf.
Preparing to unpack .../04-libboost-thread1.58.0_1.58.0+dfsg-5.1+rpi1+b1_armhf.deb ...
Unpacking libboost-thread1.58.0:armhf (1.58.0+dfsg-5.1+rpi1+b1) ...
Selecting previously unselected package libpcap0.8:armhf.
Preparing to unpack .../05-libpcap0.8_1.8.1-3_armhf.deb ...
Unpacking libpcap0.8:armhf (1.8.1-3) ...
Selecting previously unselected package libv8-3.14.5.
Preparing to unpack .../06-libv8-3.14.5_3.14.5.8-11_armhf.deb ...
Unpacking libv8-3.14.5 (3.14.5.8-11) ...
Selecting previously unselected package mongodb-clients.
Preparing to unpack .../07-mongodb-clients_1%3a2.4.14-4_armhf.deb ...
Unpacking mongodb-clients (1:2.4.14-4) ...
Selecting previously unselected package mongodb-server.
Preparing to unpack .../08-mongodb-server_1%3a2.4.14-4_armhf.deb ...
Unpacking mongodb-server (1:2.4.14-4) ...
Selecting previously unselected package libmongoclient0:armhf.
Preparing to unpack .../09-libmongoclient0_1.1.2-5_armhf.deb ...
Unpacking libmongoclient0:armhf (1.1.2-5) ...
Selecting previously unselected package libmongoclient-dev:armhf.
Preparing to unpack .../10-libmongoclient-dev_1.1.2-5_armhf.deb ...
Unpacking libmongoclient-dev:armhf (1.1.2-5) ...
Selecting previously unselected package mongodb-dev.
Preparing to unpack .../11-mongodb-dev_2%3a1.1.2-5_all.deb ...
Unpacking mongodb-dev (2:1.1.2-5) ...
Selecting previously unselected package mongodb.
Preparing to unpack .../12-mongodb_1%3a2.4.14-4_armhf.deb ...
Unpacking mongodb (1:2.4.14-4) ...
Setting up libboost-system1.58.0:armhf (1.58.0+dfsg-5.1+rpi1+b1) ...
Setting up libv8-3.14.5 (3.14.5.8-11) ...
Processing triggers for libc-bin (2.24-11+deb9u1) ...
Setting up libmongoclient0:armhf (1.1.2-5) ...
Processing triggers for systemd (232-25+deb9u1) ...
Setting up libboost-thread1.58.0:armhf (1.58.0+dfsg-5.1+rpi1+b1) ...
Setting up libboost-program-options1.58.0:armhf (1.58.0+dfsg-5.1+rpi1+b1) ...
Processing triggers for man-db (2.7.6.1-2) ...
Setting up libpcrecpp0v5:armhf (2:8.39-3) ...
Setting up libboost-filesystem1.58.0:armhf (1.58.0+dfsg-5.1+rpi1+b1) ...
Setting up libpcap0.8:armhf (1.8.1-3) ...
Setting up mongodb-clients (1:2.4.14-4) ...
Setting up libmongoclient-dev:armhf (1.1.2-5) ...
Setting up mongodb-dev (2:1.1.2-5) ...
Setting up mongodb-server (1:2.4.14-4) ...
Adding system user `mongodb' (UID 111) ...
Adding new user `mongodb' (UID 111) with group `nogroup' ...
Not creating home directory `/var/lib/mongodb'.
Adding group `mongodb' (GID 116) ...
Done.
Adding user `mongodb' to group `mongodb' ...
Adding user mongodb to group mongodb
Done.
Created symlink /etc/systemd/system/multi-user.target.wants/mongodb.service → /lib/systemd/system/mongodb.service.
Setting up mongodb (1:2.4.14-4) ...
Processing triggers for libc-bin (2.24-11+deb9u1) ...
Processing triggers for systemd (232-25+deb9u1) ...

